<?xml version="1.0" encoding="UTF-8"?>
<!-- Generated by org.testng.reporters.JUnitReportReporter -->
<testsuite hostname="Gurleens-iMac.local" failures="0" tests="2" name="MavenPractice.Testing2" time="0.006" errors="0" timestamp="2022-02-06T11:46:43 EST" skipped="0">
  <testcase classname="MavenPractice.Testing2" name="test4" time="0.003"/>
  <system-out/>
  <testcase classname="MavenPractice.Testing2" name="test5" time="0.003"/>
  <system-out/>
</testsuite> <!-- MavenPractice.Testing2 -->
