<?xml version="1.0" encoding="UTF-8"?>
<!-- Generated by org.testng.reporters.JUnitReportReporter -->
<testsuite hostname="Gurleens-iMac.local" failures="0" tests="3" name="MavenPractice.Testing3" time="0.012" errors="0" timestamp="2022-02-06T11:46:43 EST" skipped="0">
  <testcase classname="MavenPractice.Testing3" name="createUser" time="0.009"/>
  <system-out/>
  <testcase classname="MavenPractice.Testing3" name="editUser" time="0.001"/>
  <system-out/>
  <testcase classname="MavenPractice.Testing3" name="deleteUser" time="0.002"/>
  <system-out/>
</testsuite> <!-- MavenPractice.Testing3 -->
