<?xml version="1.0" encoding="UTF-8"?>
<!-- Generated by org.testng.reporters.JUnitReportReporter -->
<testsuite hostname="Gurleens-iMac.local" failures="0" tests="2" name="MavenPractice.CrossBrowserTesting" time="13.019" errors="0" timestamp="2022-02-06T11:49:08 EST" skipped="0">
  <testcase classname="MavenPractice.CrossBrowserTesting" name="fbLogin" time="4.389"/>
  <system-out/>
  <testcase classname="MavenPractice.CrossBrowserTesting" name="fbLogin" time="8.630"/>
  <system-out/>
</testsuite> <!-- MavenPractice.CrossBrowserTesting -->
