<?xml version="1.0" encoding="UTF-8"?>
<!-- Generated by org.testng.reporters.JUnitReportReporter -->
<testsuite hostname="Gurleens-iMac.local" failures="0" tests="6" name="MavenPractice.Testing1" time="0.048" errors="0" timestamp="2022-02-06T11:46:43 EST" skipped="0">
  <testcase classname="MavenPractice.Testing1" name="testDataProvider" time="0.006"/>
  <system-out/>
  <testcase classname="MavenPractice.Testing1" name="test1" time="0.001"/>
  <system-out/>
  <testcase classname="MavenPractice.Testing1" name="test3" time="0.008"/>
  <system-out/>
  <testcase classname="MavenPractice.Testing1" name="testDataProvider" time="0.002"/>
  <system-out/>
  <testcase classname="MavenPractice.Testing1" name="test2" time="0.005"/>
  <system-out/>
  <testcase classname="MavenPractice.Testing1" name="test1" time="0.026"/>
  <system-out/>
</testsuite> <!-- MavenPractice.Testing1 -->
